{"/Users/harikrishna.sathiyanarayanan/tsworkspace/dist/workspace/package1/config.js": {"path":"/Users/harikrishna.sathiyanarayanan/tsworkspace/dist/workspace/package1/config.js","statementMap":{"0":{"start":{"line":2,"column":22},"end":{"line":4,"column":1}},"1":{"start":{"line":3,"column":4},"end":{"line":3,"column":62}},"2":{"start":{"line":5,"column":0},"end":{"line":5,"column":62}},"3":{"start":{"line":6,"column":19},"end":{"line":6,"column":55}},"4":{"start":{"line":7,"column":21},"end":{"line":7,"column":61}},"5":{"start":{"line":8,"column":17},"end":{"line":8,"column":34}},"6":{"start":{"line":9,"column":18},"end":{"line":27,"column":1}},"7":{"start":{"line":10,"column":4},"end":{"line":26,"column":5}},"8":{"start":{"line":11,"column":8},"end":{"line":11,"column":31}},"9":{"start":{"line":12,"column":20},"end":{"line":12,"column":49}},"10":{"start":{"line":13,"column":32},"end":{"line":13,"column":34}},"11":{"start":{"line":14,"column":8},"end":{"line":14,"column":35}},"12":{"start":{"line":15,"column":8},"end":{"line":16,"column":19}},"13":{"start":{"line":16,"column":12},"end":{"line":16,"column":19}},"14":{"start":{"line":17,"column":8},"end":{"line":17,"column":63}},"15":{"start":{"line":18,"column":8},"end":{"line":21,"column":42}},"16":{"start":{"line":20,"column":24},"end":{"line":20,"column":52}},"17":{"start":{"line":21,"column":26},"end":{"line":21,"column":40}},"18":{"start":{"line":22,"column":8},"end":{"line":22,"column":44}},"19":{"start":{"line":25,"column":8},"end":{"line":25,"column":59}},"20":{"start":{"line":29,"column":0},"end":{"line":29,"column":28}}},"fnMap":{"0":{"name":"(anonymous_0)","decl":{"start":{"line":2,"column":56},"end":{"line":2,"column":57}},"loc":{"start":{"line":2,"column":71},"end":{"line":4,"column":1}},"line":2},"1":{"name":"(anonymous_1)","decl":{"start":{"line":9,"column":18},"end":{"line":9,"column":19}},"loc":{"start":{"line":9,"column":30},"end":{"line":27,"column":1}},"line":9},"2":{"name":"(anonymous_2)","decl":{"start":{"line":20,"column":18},"end":{"line":20,"column":19}},"loc":{"start":{"line":20,"column":24},"end":{"line":20,"column":52}},"line":20},"3":{"name":"(anonymous_3)","decl":{"start":{"line":21,"column":19},"end":{"line":21,"column":20}},"loc":{"start":{"line":21,"column":26},"end":{"line":21,"column":40}},"line":21}},"branchMap":{"0":{"loc":{"start":{"line":2,"column":22},"end":{"line":4,"column":1}},"type":"binary-expr","locations":[{"start":{"line":2,"column":23},"end":{"line":2,"column":27}},{"start":{"line":2,"column":31},"end":{"line":2,"column":51}},{"start":{"line":2,"column":56},"end":{"line":4,"column":1}}],"line":2},"1":{"loc":{"start":{"line":3,"column":11},"end":{"line":3,"column":61}},"type":"cond-expr","locations":[{"start":{"line":3,"column":37},"end":{"line":3,"column":40}},{"start":{"line":3,"column":43},"end":{"line":3,"column":61}}],"line":3},"2":{"loc":{"start":{"line":3,"column":12},"end":{"line":3,"column":33}},"type":"binary-expr","locations":[{"start":{"line":3,"column":12},"end":{"line":3,"column":15}},{"start":{"line":3,"column":19},"end":{"line":3,"column":33}}],"line":3},"3":{"loc":{"start":{"line":15,"column":8},"end":{"line":16,"column":19}},"type":"if","locations":[{"start":{"line":15,"column":8},"end":{"line":16,"column":19}},{"start":{},"end":{}}],"line":15}},"s":{"0":1,"1":2,"2":1,"3":1,"4":1,"5":1,"6":1,"7":1,"8":1,"9":1,"10":1,"11":1,"12":1,"13":0,"14":1,"15":1,"16":1,"17":0,"18":1,"19":0,"20":1},"f":{"0":2,"1":1,"2":1,"3":0},"b":{"0":[1,1,1],"1":[1,1],"2":[2,2],"3":[0,1]},"inputSourceMap":null,"_coverageSchema":"1a1c01bbd47fc00a2c39e90264f33305004495a9","hash":"4739e7e89dd47cf50fdf8c3e564d7175175e0e13"}
,"/Users/harikrishna.sathiyanarayanan/tsworkspace/dist/workspace/package1/index.js": {"path":"/Users/harikrishna.sathiyanarayanan/tsworkspace/dist/workspace/package1/index.js","statementMap":{"0":{"start":{"line":2,"column":22},"end":{"line":4,"column":1}},"1":{"start":{"line":3,"column":4},"end":{"line":3,"column":62}},"2":{"start":{"line":5,"column":0},"end":{"line":5,"column":62}},"3":{"start":{"line":6,"column":17},"end":{"line":6,"column":53}},"4":{"start":{"line":7,"column":0},"end":{"line":7,"column":35}}},"fnMap":{"0":{"name":"(anonymous_0)","decl":{"start":{"line":2,"column":56},"end":{"line":2,"column":57}},"loc":{"start":{"line":2,"column":71},"end":{"line":4,"column":1}},"line":2}},"branchMap":{"0":{"loc":{"start":{"line":2,"column":22},"end":{"line":4,"column":1}},"type":"binary-expr","locations":[{"start":{"line":2,"column":23},"end":{"line":2,"column":27}},{"start":{"line":2,"column":31},"end":{"line":2,"column":51}},{"start":{"line":2,"column":56},"end":{"line":4,"column":1}}],"line":2},"1":{"loc":{"start":{"line":3,"column":11},"end":{"line":3,"column":61}},"type":"cond-expr","locations":[{"start":{"line":3,"column":37},"end":{"line":3,"column":40}},{"start":{"line":3,"column":43},"end":{"line":3,"column":61}}],"line":3},"2":{"loc":{"start":{"line":3,"column":12},"end":{"line":3,"column":33}},"type":"binary-expr","locations":[{"start":{"line":3,"column":12},"end":{"line":3,"column":15}},{"start":{"line":3,"column":19},"end":{"line":3,"column":33}}],"line":3}},"s":{"0":1,"1":1,"2":1,"3":1,"4":1},"f":{"0":1},"b":{"0":[1,1,1],"1":[1,0],"2":[1,1]},"inputSourceMap":null,"_coverageSchema":"1a1c01bbd47fc00a2c39e90264f33305004495a9","hash":"3b3036962e669a3d97a4698429f2ba8acfa8f269"}
,"/Users/harikrishna.sathiyanarayanan/tsworkspace/dist/workspace/package1/userSchema.js": {"path":"/Users/harikrishna.sathiyanarayanan/tsworkspace/dist/workspace/package1/userSchema.js","statementMap":{"0":{"start":{"line":2,"column":22},"end":{"line":4,"column":1}},"1":{"start":{"line":3,"column":4},"end":{"line":3,"column":62}},"2":{"start":{"line":5,"column":0},"end":{"line":5,"column":62}},"3":{"start":{"line":6,"column":19},"end":{"line":6,"column":55}},"4":{"start":{"line":12,"column":19},"end":{"line":38,"column":2}},"5":{"start":{"line":39,"column":18},"end":{"line":39,"column":62}},"6":{"start":{"line":40,"column":0},"end":{"line":40,"column":28}}},"fnMap":{"0":{"name":"(anonymous_0)","decl":{"start":{"line":2,"column":56},"end":{"line":2,"column":57}},"loc":{"start":{"line":2,"column":71},"end":{"line":4,"column":1}},"line":2}},"branchMap":{"0":{"loc":{"start":{"line":2,"column":22},"end":{"line":4,"column":1}},"type":"binary-expr","locations":[{"start":{"line":2,"column":23},"end":{"line":2,"column":27}},{"start":{"line":2,"column":31},"end":{"line":2,"column":51}},{"start":{"line":2,"column":56},"end":{"line":4,"column":1}}],"line":2},"1":{"loc":{"start":{"line":3,"column":11},"end":{"line":3,"column":61}},"type":"cond-expr","locations":[{"start":{"line":3,"column":37},"end":{"line":3,"column":40}},{"start":{"line":3,"column":43},"end":{"line":3,"column":61}}],"line":3},"2":{"loc":{"start":{"line":3,"column":12},"end":{"line":3,"column":33}},"type":"binary-expr","locations":[{"start":{"line":3,"column":12},"end":{"line":3,"column":15}},{"start":{"line":3,"column":19},"end":{"line":3,"column":33}}],"line":3}},"s":{"0":1,"1":1,"2":1,"3":1,"4":1,"5":1,"6":1},"f":{"0":1},"b":{"0":[1,1,1],"1":[0,1],"2":[1,1]},"inputSourceMap":null,"_coverageSchema":"1a1c01bbd47fc00a2c39e90264f33305004495a9","hash":"eac872291975a62240b1fd55626ffc0b756bca97"}
,"/Users/harikrishna.sathiyanarayanan/tsworkspace/workspace/package2/index.ts": {"path":"/Users/harikrishna.sathiyanarayanan/tsworkspace/workspace/package2/index.ts","statementMap":{"0":{"start":{"line":1,"column":0},"end":{"line":1,"column":67}},"1":{"start":{"line":2,"column":0},"end":{"line":2,"column":46}},"2":{"start":{"line":3,"column":0},"end":{"line":3,"column":28}},"3":{"start":{"line":5,"column":0},"end":{"line":5,"column":34}},"4":{"start":{"line":7,"column":12},"end":{"line":7,"column":21}},"5":{"start":{"line":8,"column":0},"end":{"line":8,"column":24}},"6":{"start":{"line":9,"column":0},"end":{"line":9,"column":93}},"7":{"start":{"line":9,"column":27},"end":{"line":9,"column":55}},"8":{"start":{"line":9,"column":56},"end":{"line":9,"column":90}},"9":{"start":{"line":12,"column":0},"end":{"line":66,"column":2}},"10":{"start":{"line":19,"column":4},"end":{"line":19,"column":34}},"11":{"start":{"line":20,"column":4},"end":{"line":20,"column":26}},"12":{"start":{"line":22,"column":25},"end":{"line":22,"column":42}},"13":{"start":{"line":23,"column":33},"end":{"line":23,"column":57}},"14":{"start":{"line":24,"column":35},"end":{"line":24,"column":72}},"15":{"start":{"line":26,"column":26},"end":{"line":32,"column":6}},"16":{"start":{"line":34,"column":4},"end":{"line":64,"column":null}},"17":{"start":{"line":35,"column":6},"end":{"line":37,"column":null}},"18":{"start":{"line":36,"column":8},"end":{"line":36,"column":76}},"19":{"start":{"line":39,"column":37},"end":{"line":41,"column":8}},"20":{"start":{"line":42,"column":6},"end":{"line":44,"column":null}},"21":{"start":{"line":43,"column":8},"end":{"line":43,"column":78}},"22":{"start":{"line":46,"column":6},"end":{"line":46,"column":34}},"23":{"start":{"line":48,"column":22},"end":{"line":48,"column":38}},"24":{"start":{"line":50,"column":6},"end":{"line":50,"column":46}},"25":{"start":{"line":52,"column":6},"end":{"line":52,"column":27}},"26":{"start":{"line":54,"column":6},"end":{"line":54,"column":34}},"27":{"start":{"line":56,"column":6},"end":{"line":58,"column":65}},"28":{"start":{"line":60,"column":6},"end":{"line":60,"column":43}},"29":{"start":{"line":61,"column":6},"end":{"line":63,"column":76}},"30":{"start":{"line":68,"column":0},"end":{"line":106,"column":2}},"31":{"start":{"line":75,"column":4},"end":{"line":104,"column":null}},"32":{"start":{"line":76,"column":6},"end":{"line":76,"column":36}},"33":{"start":{"line":77,"column":32},"end":{"line":77,"column":45}},"34":{"start":{"line":78,"column":36},"end":{"line":78,"column":53}},"35":{"start":{"line":80,"column":37},"end":{"line":80,"column":78}},"36":{"start":{"line":83,"column":6},"end":{"line":85,"column":null}},"37":{"start":{"line":84,"column":8},"end":{"line":84,"column":71}},"38":{"start":{"line":87,"column":30},"end":{"line":89,"column":null}},"39":{"start":{"line":92,"column":6},"end":{"line":92,"column":72}},"40":{"start":{"line":94,"column":6},"end":{"line":96,"column":null}},"41":{"start":{"line":95,"column":8},"end":{"line":95,"column":65}},"42":{"start":{"line":98,"column":6},"end":{"line":98,"column":39}},"43":{"start":{"line":100,"column":6},"end":{"line":100,"column":45}},"44":{"start":{"line":101,"column":6},"end":{"line":103,"column":68}},"45":{"start":{"line":108,"column":0},"end":{"line":108,"column":19}},"46":{"start":{"line":110,"column":0},"end":{"line":110,"column":42}}},"fnMap":{"0":{"name":"(anonymous_1)","decl":{"start":{"line":9,"column":17},"end":{"line":9,"column":22}},"loc":{"start":{"line":9,"column":26},"end":{"line":9,"column":91}}},"1":{"name":"(anonymous_2)","decl":{"start":{"line":14,"column":2},"end":{"line":14,"column":7}},"loc":{"start":{"line":18,"column":32},"end":{"line":65,"column":3}}},"2":{"name":"(anonymous_3)","decl":{"start":{"line":70,"column":2},"end":{"line":70,"column":7}},"loc":{"start":{"line":74,"column":32},"end":{"line":105,"column":3}}}},"branchMap":{"0":{"loc":{"start":{"line":35,"column":6},"end":{"line":37,"column":null}},"type":"if","locations":[{"start":{"line":35,"column":6},"end":{"line":37,"column":null}}]},"1":{"loc":{"start":{"line":42,"column":6},"end":{"line":44,"column":null}},"type":"if","locations":[{"start":{"line":42,"column":6},"end":{"line":44,"column":null}}]},"2":{"loc":{"start":{"line":83,"column":6},"end":{"line":85,"column":null}},"type":"if","locations":[{"start":{"line":83,"column":6},"end":{"line":85,"column":null}}]},"3":{"loc":{"start":{"line":94,"column":6},"end":{"line":96,"column":null}},"type":"if","locations":[{"start":{"line":94,"column":6},"end":{"line":96,"column":null}}]}},"s":{"0":1,"1":1,"2":1,"3":1,"4":1,"5":1,"6":1,"7":1,"8":1,"9":1,"10":2,"11":2,"12":2,"13":2,"14":2,"15":2,"16":2,"17":2,"18":0,"19":2,"20":2,"21":1,"22":1,"23":1,"24":1,"25":1,"26":1,"27":1,"28":0,"29":0,"30":1,"31":2,"32":2,"33":2,"34":2,"35":2,"36":2,"37":1,"38":1,"39":1,"40":1,"41":0,"42":1,"43":0,"44":0,"45":1,"46":1},"f":{"0":1,"1":2,"2":2},"b":{"0":[0],"1":[1],"2":[1],"3":[0]}}
,"/Users/harikrishna.sathiyanarayanan/tsworkspace/workspace/package2/userSchema.ts": {"path":"/Users/harikrishna.sathiyanarayanan/tsworkspace/workspace/package2/userSchema.ts","statementMap":{"0":{"start":{"line":1,"column":0},"end":{"line":1,"column":32}},"1":{"start":{"line":3,"column":19},"end":{"line":30,"column":2}},"2":{"start":{"line":32,"column":15},"end":{"line":32,"column":51}},"3":{"start":{"line":34,"column":0},"end":{"line":34,"column":22}}},"fnMap":{},"branchMap":{},"s":{"0":1,"1":1,"2":1,"3":1},"f":{},"b":{}}
}
