TN:
SF:dist/workspace/package1/config.js
FN:2,(anonymous_0)
FN:9,(anonymous_1)
FN:20,(anonymous_2)
FN:21,(anonymous_3)
FNF:4
FNH:3
FNDA:2,(anonymous_0)
FNDA:1,(anonymous_1)
FNDA:1,(anonymous_2)
FNDA:0,(anonymous_3)
DA:2,1
DA:3,2
DA:5,1
DA:6,1
DA:7,1
DA:8,1
DA:9,1
DA:10,1
DA:11,1
DA:12,1
DA:13,1
DA:14,1
DA:15,1
DA:16,0
DA:17,1
DA:18,1
DA:20,1
DA:21,0
DA:22,1
DA:25,0
DA:29,1
LF:21
LH:18
BRDA:2,0,0,1
BRDA:2,0,1,1
BRDA:2,0,2,1
BRDA:3,1,0,1
BRDA:3,1,1,1
BRDA:3,2,0,2
BRDA:3,2,1,2
BRDA:15,3,0,0
BRDA:15,3,1,1
BRF:9
BRH:8
end_of_record
TN:
SF:dist/workspace/package1/index.js
FN:2,(anonymous_0)
FNF:1
FNH:1
FNDA:1,(anonymous_0)
DA:2,1
DA:3,1
DA:5,1
DA:6,1
DA:7,1
LF:5
LH:5
BRDA:2,0,0,1
BRDA:2,0,1,1
BRDA:2,0,2,1
BRDA:3,1,0,1
BRDA:3,1,1,0
BRDA:3,2,0,1
BRDA:3,2,1,1
BRF:7
BRH:6
end_of_record
TN:
SF:dist/workspace/package1/userSchema.js
FN:2,(anonymous_0)
FNF:1
FNH:1
FNDA:1,(anonymous_0)
DA:2,1
DA:3,1
DA:5,1
DA:6,1
DA:12,1
DA:39,1
DA:40,1
LF:7
LH:7
BRDA:2,0,0,1
BRDA:2,0,1,1
BRDA:2,0,2,1
BRDA:3,1,0,0
BRDA:3,1,1,1
BRDA:3,2,0,1
BRDA:3,2,1,1
BRF:7
BRH:6
end_of_record
TN:
SF:workspace/package2/index.ts
FN:9,(anonymous_1)
FN:14,(anonymous_2)
FN:70,(anonymous_3)
FNF:3
FNH:3
FNDA:1,(anonymous_1)
FNDA:2,(anonymous_2)
FNDA:2,(anonymous_3)
DA:1,1
DA:2,1
DA:3,1
DA:5,1
DA:7,1
DA:8,1
DA:9,1
DA:12,1
DA:19,2
DA:20,2
DA:22,2
DA:23,2
DA:24,2
DA:26,2
DA:34,2
DA:35,2
DA:36,0
DA:39,2
DA:42,2
DA:43,1
DA:46,1
DA:48,1
DA:50,1
DA:52,1
DA:54,1
DA:56,1
DA:60,0
DA:61,0
DA:68,1
DA:75,2
DA:76,2
DA:77,2
DA:78,2
DA:80,2
DA:83,2
DA:84,1
DA:87,1
DA:92,1
DA:93,0
DA:96,1
DA:98,0
DA:99,0
DA:106,1
DA:108,1
LF:44
LH:38
BRDA:35,0,0,0
BRDA:42,1,0,1
BRDA:83,2,0,1
BRDA:92,3,0,0
BRF:4
BRH:2
end_of_record
TN:
SF:workspace/package2/userSchema.ts
FNF:0
FNH:0
DA:1,1
DA:3,1
DA:32,1
DA:34,1
LF:4
LH:4
BRF:0
BRH:0
end_of_record
